Build started 3/17/2025 7:23:48 PM.
     1>Project "E:\pendrive\Language_Learning\CPP-SOHAM_KADAM\microsoft visual studio 2010\dd\dd\dd.vcxproj" on node 2 (build target(s)).
     1>InitializeBuildStatus:
         Touching "Debug\dd.unsuccessfulbuild".
       ClCompile:
         C:\Program Files (x86)\Microsoft Visual Studio 10.0\VC\bin\CL.exe /c /ZI /nologo /W3 /WX- /Od /Oy- /D WIN32 /D _DEBUG /D _CONSOLE /D _UNICODE /D UNICODE /Gm /EHsc /RTC1 /MDd /GS /fp:precise /Zc:wchar_t /Zc:forScope /Fo"Debug\\" /Fd"Debug\vc100.pdb" /Gd /TP /analyze- /errorReport:prompt shivam.cpp
         shivam.cpp
       ManifestResourceCompile:
         All outputs are up-to-date.
       Link:
         C:\Program Files (x86)\Microsoft Visual Studio 10.0\VC\bin\link.exe /ERRORREPORT:PROMPT /OUT:"E:\pendrive\Language_Learning\CPP-SOHAM_KADAM\microsoft visual studio 2010\dd\Debug\dd.exe" /INCREMENTAL /NOLOGO kernel32.lib user32.lib gdi32.lib winspool.lib comdlg32.lib advapi32.lib shell32.lib ole32.lib oleaut32.lib uuid.lib odbc32.lib odbccp32.lib /MANIFEST /ManifestFile:"Debug\dd.exe.intermediate.manifest" /MANIFESTUAC:"level='asInvoker' uiAccess='false'" /DEBUG /PDB:"E:\pendrive\Language_Learning\CPP-SOHAM_KADAM\microsoft visual studio 2010\dd\Debug\dd.pdb" /SUBSYSTEM:CONSOLE /TLBID:1 /DYNAMICBASE /NXCOMPAT /IMPLIB:"E:\pendrive\Language_Learning\CPP-SOHAM_KADAM\microsoft visual studio 2010\dd\Debug\dd.lib" /MACHINE:X86 Debug\dd.exe.embed.manifest.res
         Debug\shivam.obj
       Manifest:
         C:\Program Files (x86)\Microsoft SDKs\Windows\v7.0A\bin\mt.exe /nologo /verbose /out:"Debug\dd.exe.embed.manifest" /manifest Debug\dd.exe.intermediate.manifest
         C:\Program Files (x86)\Microsoft SDKs\Windows\v7.0A\bin\rc.exe /nologo /fo"Debug\dd.exe.embed.manifest.res" Debug\dd_manifest.rc 
       LinkEmbedManifest:
         C:\Program Files (x86)\Microsoft Visual Studio 10.0\VC\bin\link.exe /ERRORREPORT:PROMPT /OUT:"E:\pendrive\Language_Learning\CPP-SOHAM_KADAM\microsoft visual studio 2010\dd\Debug\dd.exe" /INCREMENTAL /NOLOGO kernel32.lib user32.lib gdi32.lib winspool.lib comdlg32.lib advapi32.lib shell32.lib ole32.lib oleaut32.lib uuid.lib odbc32.lib odbccp32.lib /MANIFEST /ManifestFile:"Debug\dd.exe.intermediate.manifest" /MANIFESTUAC:"level='asInvoker' uiAccess='false'" /DEBUG /PDB:"E:\pendrive\Language_Learning\CPP-SOHAM_KADAM\microsoft visual studio 2010\dd\Debug\dd.pdb" /SUBSYSTEM:CONSOLE /TLBID:1 /DYNAMICBASE /NXCOMPAT /IMPLIB:"E:\pendrive\Language_Learning\CPP-SOHAM_KADAM\microsoft visual studio 2010\dd\Debug\dd.lib" /MACHINE:X86 Debug\dd.exe.embed.manifest.res
         Debug\shivam.obj
         dd.vcxproj -> E:\pendrive\Language_Learning\CPP-SOHAM_KADAM\microsoft visual studio 2010\dd\Debug\dd.exe
       FinalizeBuildStatus:
         Deleting file "Debug\dd.unsuccessfulbuild".
         Touching "Debug\dd.lastbuildstate".
     1>Done Building Project "E:\pendrive\Language_Learning\CPP-SOHAM_KADAM\microsoft visual studio 2010\dd\dd\dd.vcxproj" (build target(s)).

Build succeeded.

Time Elapsed 00:00:10.13
