Build started 3/24/2025 11:13:00 AM.
     1>Project "E:\pendrive\Language_Learning\CPP-SOHAM_KADAM\microsoft visual studio 2010\try.cpp\try.cpp.vcxproj" on node 2 (build target(s)).
     1>InitializeBuildStatus:
         Creating "Debug\try.cpp.unsuccessfulbuild" because "AlwaysCreate" was specified.
       ClCompile:
         C:\Program Files (x86)\Microsoft Visual Studio 10.0\VC\bin\CL.exe /c /ZI /nologo /W3 /WX- /Od /Oy- /D WIN32 /D _DEBUG /D _CONSOLE /D _UNICODE /D UNICODE /Gm /EHsc /RTC1 /MDd /GS /fp:precise /Zc:wchar_t /Zc:forScope /Fo"Debug\\" /Fd"Debug\vc100.pdb" /Gd /TP /analyze- /errorReport:prompt shivam.cpp
         shivam.cpp
       ManifestResourceCompile:
         C:\Program Files (x86)\Microsoft SDKs\Windows\v7.0A\bin\rc.exe /nologo /fo"Debug\try.cpp.exe.embed.manifest.res" Debug\try.cpp_manifest.rc 
       Link:
         C:\Program Files (x86)\Microsoft Visual Studio 10.0\VC\bin\link.exe /ERRORREPORT:PROMPT /OUT:"Debug\try.cpp.exe" /INCREMENTAL /NOLOGO kernel32.lib user32.lib gdi32.lib winspool.lib comdlg32.lib advapi32.lib shell32.lib ole32.lib oleaut32.lib uuid.lib odbc32.lib odbccp32.lib /MANIFEST /ManifestFile:"Debug\try.cpp.exe.intermediate.manifest" /MANIFESTUAC:"level='asInvoker' uiAccess='false'" /DEBUG /PDB:"E:\pendrive\Language_Learning\CPP-SOHAM_KADAM\microsoft visual studio 2010\try.cpp\Debug\try.cpp.pdb" /SUBSYSTEM:CONSOLE /TLBID:1 /DYNAMICBASE /NXCOMPAT /IMPLIB:"Debug\try.cpp.lib" /MACHINE:X86 Debug\try.cpp.exe.embed.manifest.res
         Debug\shivam.obj
       Manifest:
         C:\Program Files (x86)\Microsoft SDKs\Windows\v7.0A\bin\mt.exe /nologo /verbose /out:"Debug\try.cpp.exe.embed.manifest" /manifest Debug\try.cpp.exe.intermediate.manifest
         C:\Program Files (x86)\Microsoft SDKs\Windows\v7.0A\bin\rc.exe /nologo /fo"Debug\try.cpp.exe.embed.manifest.res" Debug\try.cpp_manifest.rc 
       LinkEmbedManifest:
         C:\Program Files (x86)\Microsoft Visual Studio 10.0\VC\bin\link.exe /ERRORREPORT:PROMPT /OUT:"Debug\try.cpp.exe" /INCREMENTAL /NOLOGO kernel32.lib user32.lib gdi32.lib winspool.lib comdlg32.lib advapi32.lib shell32.lib ole32.lib oleaut32.lib uuid.lib odbc32.lib odbccp32.lib /MANIFEST /ManifestFile:"Debug\try.cpp.exe.intermediate.manifest" /MANIFESTUAC:"level='asInvoker' uiAccess='false'" /DEBUG /PDB:"E:\pendrive\Language_Learning\CPP-SOHAM_KADAM\microsoft visual studio 2010\try.cpp\Debug\try.cpp.pdb" /SUBSYSTEM:CONSOLE /TLBID:1 /DYNAMICBASE /NXCOMPAT /IMPLIB:"Debug\try.cpp.lib" /MACHINE:X86 Debug\try.cpp.exe.embed.manifest.res
         Debug\shivam.obj
         try.cpp.vcxproj -> E:\pendrive\Language_Learning\CPP-SOHAM_KADAM\microsoft visual studio 2010\try.cpp\Debug\try.cpp.exe
       FinalizeBuildStatus:
         Deleting file "Debug\try.cpp.unsuccessfulbuild".
         Touching "Debug\try.cpp.lastbuildstate".
     1>Done Building Project "E:\pendrive\Language_Learning\CPP-SOHAM_KADAM\microsoft visual studio 2010\try.cpp\try.cpp.vcxproj" (build target(s)).

Build succeeded.

Time Elapsed 00:00:09.59
